Feb 25, 2015 1:19:28 PM org.eclipse.birt.report.engine.executor.ExtendedGenerateExecutor execute
SEVERE: A BIRT exception occurred. See next exception for more information.
Error evaluating Javascript expression. Script engine error: Report parameter "Month" does not exist.
 Script source: <unknown>, line: 0, text:
params["Month"].value
org.eclipse.birt.data.engine.core.DataException: A BIRT exception occurred. See next exception for more information.
Error evaluating Javascript expression. Script engine error: Report parameter "Month" does not exist.
 Script source: <unknown>, line: 0, text:
params["Month"].value
	at org.eclipse.birt.data.engine.core.DataException.wrap(DataException.java:123)
	at org.eclipse.birt.data.engine.script.ScriptEvalUtil.evaluateJSAsExpr(ScriptEvalUtil.java:996)
	at org.eclipse.birt.data.engine.expression.ExprEvaluateUtil.doEvaluateRawExpression(ExprEvaluateUtil.java:281)
	at org.eclipse.birt.data.engine.expression.ExprEvaluateUtil.doEvaluateRawExpression(ExprEvaluateUtil.java:405)
	at org.eclipse.birt.data.engine.expression.ExprEvaluateUtil.evaluateConditionExpression(ExprEvaluateUtil.java:513)
	at org.eclipse.birt.data.engine.impl.FilterByRow$FilterByRowHelper.process(FilterByRow.java:362)
	at org.eclipse.birt.data.engine.impl.FilterByRow.process(FilterByRow.java:227)
	at org.eclipse.birt.data.engine.executor.cache.RowResultSet.processFetchEvent(RowResultSet.java:160)
	at org.eclipse.birt.data.engine.executor.cache.RowResultSet.doNext(RowResultSet.java:121)
	at org.eclipse.birt.data.engine.executor.cache.RowResultSet.next(RowResultSet.java:91)
	at org.eclipse.birt.data.engine.executor.cache.ExpandableRowResultSet.next(ExpandableRowResultSet.java:63)
	at org.eclipse.birt.data.engine.executor.cache.SmartCacheHelper.populateData(SmartCacheHelper.java:316)
	at org.eclipse.birt.data.engine.executor.cache.SmartCacheHelper.initInstance(SmartCacheHelper.java:285)
	at org.eclipse.birt.data.engine.executor.cache.SmartCacheHelper.getResultSetCache(SmartCacheHelper.java:246)
	at org.eclipse.birt.data.engine.executor.cache.SmartCache.<init>(SmartCache.java:73)
	at org.eclipse.birt.data.engine.executor.transform.pass.PassUtil.populateOdiResultSet(PassUtil.java:153)
	at org.eclipse.birt.data.engine.executor.transform.pass.PassUtil.pass(PassUtil.java:62)
	at org.eclipse.birt.data.engine.executor.transform.pass.FilterCalculator.doFiltering(FilterCalculator.java:116)
	at org.eclipse.birt.data.engine.executor.transform.pass.FilterCalculator.applyFilters(FilterCalculator.java:89)
	at org.eclipse.birt.data.engine.executor.transform.pass.FilterCalculator.applyFilters(FilterCalculator.java:63)
	at org.eclipse.birt.data.engine.executor.transform.pass.RowProcessUtil.applyFilters(RowProcessUtil.java:177)
	at org.eclipse.birt.data.engine.executor.transform.pass.ResultSetProcessUtil.doRowFiltering(ResultSetProcessUtil.java:577)
	at org.eclipse.birt.data.engine.executor.transform.pass.ResultSetProcessUtil.populateResultSet(ResultSetProcessUtil.java:141)
	at org.eclipse.birt.data.engine.executor.transform.pass.ResultSetProcessUtil.doPopulate(ResultSetProcessUtil.java:94)
	at org.eclipse.birt.data.engine.executor.transform.pass.PassManager.prepareQueryResultSet(PassManager.java:108)
	at org.eclipse.birt.data.engine.executor.transform.pass.PassManager.pass(PassManager.java:135)
	at org.eclipse.birt.data.engine.executor.transform.pass.PassManager.populateResultSet(PassManager.java:74)
	at org.eclipse.birt.data.engine.executor.transform.ResultSetPopulator.populateResultSet(ResultSetPopulator.java:198)
	at org.eclipse.birt.data.engine.executor.transform.CachedResultSet.<init>(CachedResultSet.java:171)
	at org.eclipse.birt.data.engine.executor.dscache.DataSourceQuery.execute(DataSourceQuery.java:201)
	at org.eclipse.birt.data.engine.impl.PreparedOdaDSQuery$OdaDSQueryExecutor.executeOdiQuery(PreparedOdaDSQuery.java:428)
	at org.eclipse.birt.data.engine.impl.QueryExecutor.execute(QueryExecutor.java:1134)
	at org.eclipse.birt.data.engine.impl.ServiceForQueryResults.executeQuery(ServiceForQueryResults.java:232)
	at org.eclipse.birt.data.engine.impl.QueryResults.getResultIterator(QueryResults.java:177)
	at org.eclipse.birt.report.engine.data.dte.QueryResultSet.<init>(QueryResultSet.java:98)
	at org.eclipse.birt.report.engine.data.dte.DteDataEngine.doExecuteQuery(DteDataEngine.java:168)
	at org.eclipse.birt.report.engine.data.dte.AbstractDataEngine.execute(AbstractDataEngine.java:267)
	at org.eclipse.birt.report.engine.executor.ExtendedGenerateExecutor.executeQueries(ExtendedGenerateExecutor.java:205)
	at org.eclipse.birt.report.engine.executor.ExtendedGenerateExecutor.execute(ExtendedGenerateExecutor.java:65)
	at org.eclipse.birt.report.engine.executor.ExtendedItemExecutor.execute(ExtendedItemExecutor.java:62)
	at org.eclipse.birt.report.engine.internal.executor.dup.SuppressDuplicateItemExecutor.execute(SuppressDuplicateItemExecutor.java:43)
	at org.eclipse.birt.report.engine.internal.executor.wrap.WrappedReportItemExecutor.execute(WrappedReportItemExecutor.java:46)
	at org.eclipse.birt.report.engine.internal.executor.l18n.LocalizedReportItemExecutor.execute(LocalizedReportItemExecutor.java:34)
	at org.eclipse.birt.report.engine.layout.html.HTMLBlockStackingLM.layoutNodes(HTMLBlockStackingLM.java:65)
	at org.eclipse.birt.report.engine.layout.html.HTMLPageLM.layout(HTMLPageLM.java:92)
	at org.eclipse.birt.report.engine.layout.html.HTMLReportLayoutEngine.layout(HTMLReportLayoutEngine.java:100)
	at org.eclipse.birt.report.engine.api.impl.RunAndRenderTask.doRun(RunAndRenderTask.java:180)
	at org.eclipse.birt.report.engine.api.impl.RunAndRenderTask.run(RunAndRenderTask.java:77)
	at org.eclipse.birt.report.service.ReportEngineService.runAndRenderReport(ReportEngineService.java:929)
	at org.eclipse.birt.report.service.BirtViewerReportService.runAndRenderReport(BirtViewerReportService.java:973)
	at org.eclipse.birt.report.service.actionhandler.BirtGetPageAllActionHandler.__execute(BirtGetPageAllActionHandler.java:131)
	at org.eclipse.birt.report.service.actionhandler.AbstractBaseActionHandler.execute(AbstractBaseActionHandler.java:90)
	at org.eclipse.birt.report.soapengine.processor.AbstractBaseDocumentProcessor.__executeAction(AbstractBaseDocumentProcessor.java:47)
	at org.eclipse.birt.report.soapengine.processor.AbstractBaseComponentProcessor.executeAction(AbstractBaseComponentProcessor.java:143)
	at org.eclipse.birt.report.soapengine.processor.BirtDocumentProcessor.handleGetPageAll(BirtDocumentProcessor.java:183)
	at sun.reflect.NativeMethodAccessorImpl.invoke0(Native Method)
	at sun.reflect.NativeMethodAccessorImpl.invoke(NativeMethodAccessorImpl.java:57)
	at sun.reflect.DelegatingMethodAccessorImpl.invoke(DelegatingMethodAccessorImpl.java:43)
	at java.lang.reflect.Method.invoke(Method.java:606)
	at org.eclipse.birt.report.soapengine.processor.AbstractBaseComponentProcessor.process(AbstractBaseComponentProcessor.java:112)
	at org.eclipse.birt.report.soapengine.endpoint.BirtSoapBindingImpl.getUpdatedObjects(BirtSoapBindingImpl.java:66)
	at sun.reflect.NativeMethodAccessorImpl.invoke0(Native Method)
	at sun.reflect.NativeMethodAccessorImpl.invoke(NativeMethodAccessorImpl.java:57)
	at sun.reflect.DelegatingMethodAccessorImpl.invoke(DelegatingMethodAccessorImpl.java:43)
	at java.lang.reflect.Method.invoke(Method.java:606)
	at org.apache.axis.providers.java.RPCProvider.invokeMethod(RPCProvider.java:397)
	at org.apache.axis.providers.java.RPCProvider.processMessage(RPCProvider.java:186)
	at org.apache.axis.providers.java.JavaProvider.invoke(JavaProvider.java:323)
	at org.apache.axis.strategies.InvocationStrategy.visit(InvocationStrategy.java:32)
	at org.apache.axis.SimpleChain.doVisiting(SimpleChain.java:118)
	at org.apache.axis.SimpleChain.invoke(SimpleChain.java:83)
	at org.apache.axis.handlers.soap.SOAPService.invoke(SOAPService.java:454)
	at org.apache.axis.server.AxisServer.invoke(AxisServer.java:281)
	at org.apache.axis.transport.http.AxisServlet.doPost(AxisServlet.java:699)
	at org.eclipse.birt.report.servlet.BirtSoapMessageDispatcherServlet.doPost(BirtSoapMessageDispatcherServlet.java:265)
	at javax.servlet.http.HttpServlet.service(HttpServlet.java:727)
	at org.apache.axis.transport.http.AxisServletBase.service(AxisServletBase.java:327)
	at javax.servlet.http.HttpServlet.service(HttpServlet.java:820)
	at org.eclipse.birt.report.servlet.BirtSoapMessageDispatcherServlet.service(BirtSoapMessageDispatcherServlet.java:122)
	at org.eclipse.equinox.http.registry.internal.ServletManager$ServletWrapper.service(ServletManager.java:180)
	at org.eclipse.equinox.http.servlet.internal.ServletRegistration.service(ServletRegistration.java:61)
	at org.eclipse.equinox.http.servlet.internal.ProxyServlet.processAlias(ProxyServlet.java:126)
	at org.eclipse.equinox.http.servlet.internal.ProxyServlet.service(ProxyServlet.java:60)
	at javax.servlet.http.HttpServlet.service(HttpServlet.java:820)
	at org.eclipse.equinox.http.jetty.internal.HttpServerManager$InternalHttpServiceServlet.service(HttpServerManager.java:317)
	at org.mortbay.jetty.servlet.ServletHolder.handle(ServletHolder.java:511)
	at org.mortbay.jetty.servlet.ServletHandler.handle(ServletHandler.java:390)
	at org.mortbay.jetty.servlet.SessionHandler.handle(SessionHandler.java:182)
	at org.mortbay.jetty.handler.ContextHandler.handle(ContextHandler.java:765)
	at org.mortbay.jetty.handler.HandlerWrapper.handle(HandlerWrapper.java:152)
	at org.mortbay.jetty.Server.handle(Server.java:326)
	at org.mortbay.jetty.HttpConnection.handleRequest(HttpConnection.java:542)
	at org.mortbay.jetty.HttpConnection$RequestHandler.content(HttpConnection.java:939)
	at org.mortbay.jetty.HttpParser.parseNext(HttpParser.java:756)
	at org.mortbay.jetty.HttpParser.parseAvailable(HttpParser.java:218)
	at org.mortbay.jetty.HttpConnection.handle(HttpConnection.java:404)
	at org.mortbay.io.nio.SelectChannelEndPoint.run(SelectChannelEndPoint.java:409)
	at org.mortbay.thread.QueuedThreadPool$PoolThread.run(QueuedThreadPool.java:582)
Caused by: org.eclipse.birt.core.exception.CoreException: Error evaluating Javascript expression. Script engine error: Report parameter "Month" does not exist.
 Script source: <unknown>, line: 0, text:
params["Month"].value
	at org.eclipse.birt.core.script.JavascriptEvalUtil.wrapRhinoException(JavascriptEvalUtil.java:303)
	at org.eclipse.birt.core.script.JavascriptEvalUtil.evaluateRawScript(JavascriptEvalUtil.java:102)
	at org.eclipse.birt.core.script.JavascriptEvalUtil.evaluateScript(JavascriptEvalUtil.java:134)
	at org.eclipse.birt.data.engine.script.ScriptEvalUtil.evaluateJSAsExpr(ScriptEvalUtil.java:992)
	... 96 more
Caused by: org.mozilla.javascript.JavaScriptException: Report parameter "Month" does not exist.
	at org.eclipse.birt.core.script.ScriptableParameters.get(ScriptableParameters.java:41)
	at org.mozilla.javascript.ScriptableObject.getProperty(ScriptableObject.java:1617)
	at org.mozilla.javascript.ScriptRuntime.getObjectElem(ScriptRuntime.java:1390)
	at org.mozilla.javascript.ScriptRuntime.getObjectElem(ScriptRuntime.java:1372)
	at org.mozilla.javascript.gen.c8._c0(unnamed script:0)
	at org.mozilla.javascript.gen.c8.call(unnamed script)
	at org.mozilla.javascript.ContextFactory.doTopCall(ContextFactory.java:398)
	at org.mozilla.javascript.ScriptRuntime.doTopCall(ScriptRuntime.java:3065)
	at org.mozilla.javascript.gen.c8.call(unnamed script)
	at org.mozilla.javascript.gen.c8.exec(unnamed script)
	at org.eclipse.birt.core.script.JavascriptEvalUtil.evaluateRawScript(JavascriptEvalUtil.java:95)
	... 98 more

